<?xml version="1.0" encoding="UTF-8"?>
<!-- Generated by org.testng.reporters.JUnitReportReporter -->
<testsuite skipped="0" hostname="DESKTOP-GQF8HD8" name="com.OrangeHRM.ObjectMapProject.OrangeHRM_CallMethodPage" tests="1" failures="0" timestamp="28 Feb 2019 15:22:46 GMT" time="47.895" errors="0">
  <testcase name="callMethods" time="47.895" classname="com.OrangeHRM.ObjectMapProject.OrangeHRM_CallMethodPage"/>
</testsuite> <!-- com.OrangeHRM.ObjectMapProject.OrangeHRM_CallMethodPage -->
