<?xml version="1.0" encoding="UTF-8"?>
<!-- Generated by org.testng.reporters.JUnitReportReporter -->
<testsuite hostname="DESKTOP-GQF8HD8" failures="0" tests="1" name="com.OrangeHRM.ObjectMapProject.OrangeHRM_ObjectMapLogin" time="10.414" errors="0" timestamp="13 Feb 2019 15:44:40 GMT" skipped="0">
  <testcase classname="com.OrangeHRM.ObjectMapProject.OrangeHRM_ObjectMapLogin" name="OrangeHRM_Login" time="10.414"/>
</testsuite> <!-- com.OrangeHRM.ObjectMapProject.OrangeHRM_ObjectMapLogin -->
